<?xml version="1.0" encoding="UTF-8"?>
<coverage generated="1539236192623" clover="3.2.0">
  <project timestamp="1539236192623" name="All files">
    <metrics statements="90" coveredstatements="76" conditionals="76" coveredconditionals="50" methods="28" coveredmethods="26" elements="194" coveredelements="152" complexity="0" loc="90" ncloc="90" packages="1" files="3" classes="3">
      <file name="build-icons.js" path="/Users/tonylefler/dev-authority/icoset/packages/icoset/src/build-icons.js">
        <metrics statements="32" coveredstatements="24" conditionals="13" coveredconditionals="6" methods="9" coveredmethods="7"/>
        <line num="1" count="1" type="stmt"/>
        <line num="2" count="1" type="stmt"/>
        <line num="3" count="1" type="stmt"/>
        <line num="5" count="1" type="cond" truecount="2" falsecount="1"/>
        <line num="6" count="1" type="stmt"/>
        <line num="7" count="1" type="stmt"/>
        <line num="9" count="2" type="stmt"/>
        <line num="10" count="2" type="stmt"/>
        <line num="12" count="2" type="stmt"/>
        <line num="13" count="2" type="stmt"/>
        <line num="15" count="0" type="stmt"/>
        <line num="17" count="2" type="stmt"/>
        <line num="18" count="2" type="stmt"/>
        <line num="20" count="0" type="stmt"/>
        <line num="22" count="2" type="stmt"/>
        <line num="24" count="2" type="stmt"/>
        <line num="25" count="2" type="stmt"/>
        <line num="26" count="2" type="cond" truecount="2" falsecount="0"/>
        <line num="27" count="1" type="stmt"/>
        <line num="28" count="1" type="cond" truecount="2" falsecount="2"/>
        <line num="29" count="0" type="stmt"/>
        <line num="30" count="0" type="stmt"/>
        <line num="31" count="0" type="cond" truecount="0" falsecount="4"/>
        <line num="33" count="2" type="stmt"/>
        <line num="34" count="2" type="stmt"/>
        <line num="38" count="2" type="stmt"/>
        <line num="41" count="0" type="stmt"/>
        <line num="42" count="0" type="stmt"/>
        <line num="43" count="0" type="stmt"/>
        <line num="50" count="1" type="stmt"/>
        <line num="51" count="1" type="stmt"/>
        <line num="52" count="1" type="stmt"/>
      </file>
      <file name="utils.js" path="/Users/tonylefler/dev-authority/icoset/packages/icoset/src/utils.js">
        <metrics statements="14" coveredstatements="12" conditionals="17" coveredconditionals="9" methods="3" coveredmethods="3"/>
        <line num="2" count="7" type="cond" truecount="4" falsecount="0"/>
        <line num="6" count="1" type="stmt"/>
        <line num="7" count="1" type="cond" truecount="1" falsecount="1"/>
        <line num="11" count="224" type="stmt"/>
        <line num="17" count="224" type="stmt"/>
        <line num="22" count="224" type="stmt"/>
        <line num="23" count="224" type="cond" truecount="1" falsecount="1"/>
        <line num="24" count="0" type="stmt"/>
        <line num="25" count="0" type="cond" truecount="0" falsecount="2"/>
        <line num="27" count="224" type="cond" truecount="2" falsecount="0"/>
        <line num="28" count="224" type="cond" truecount="1" falsecount="1"/>
        <line num="30" count="224" type="stmt"/>
        <line num="36" count="3" type="stmt"/>
        <line num="64" count="3" type="stmt"/>
      </file>
      <file name="walk.js" path="/Users/tonylefler/dev-authority/icoset/packages/icoset/src/walk.js">
        <metrics statements="44" coveredstatements="40" conditionals="46" coveredconditionals="35" methods="16" coveredmethods="16"/>
        <line num="1" count="1" type="stmt"/>
        <line num="2" count="1" type="stmt"/>
        <line num="3" count="1" type="stmt"/>
        <line num="9" count="1" type="stmt"/>
        <line num="21" count="259" type="cond" truecount="2" falsecount="0"/>
        <line num="22" count="224" type="stmt"/>
        <line num="23" count="224" type="stmt"/>
        <line num="29" count="224" type="stmt"/>
        <line num="36" count="7" type="stmt"/>
        <line num="37" count="269" type="cond" truecount="2" falsecount="0"/>
        <line num="38" count="234" type="cond" truecount="2" falsecount="0"/>
        <line num="39" count="224" type="cond" truecount="1" falsecount="1"/>
        <line num="40" count="0" type="stmt"/>
        <line num="41" count="0" type="cond" truecount="0" falsecount="2"/>
        <line num="43" count="224" type="cond" truecount="1" falsecount="1"/>
        <line num="44" count="0" type="stmt"/>
        <line num="45" count="0" type="cond" truecount="0" falsecount="2"/>
        <line num="47" count="224" type="stmt"/>
        <line num="51" count="30" type="stmt"/>
        <line num="52" count="30" type="stmt"/>
        <line num="53" count="30" type="cond" truecount="1" falsecount="1"/>
        <line num="54" count="30" type="stmt"/>
        <line num="55" count="30" type="cond" truecount="1" falsecount="1"/>
        <line num="56" count="30" type="stmt"/>
        <line num="57" count="60" type="stmt"/>
        <line num="58" count="60" type="stmt"/>
        <line num="59" count="60" type="cond" truecount="4" falsecount="0"/>
        <line num="60" count="25" type="stmt"/>
        <line num="62" count="25" type="stmt"/>
        <line num="63" count="25" type="cond" truecount="2" falsecount="0"/>
        <line num="67" count="35" type="cond" truecount="2" falsecount="0"/>
        <line num="68" count="35" type="cond" truecount="2" falsecount="0"/>
        <line num="76" count="7" type="cond" truecount="4" falsecount="0"/>
        <line num="78" count="18" type="stmt"/>
        <line num="82" count="209" type="stmt"/>
        <line num="88" count="7" type="stmt"/>
        <line num="89" count="7" type="cond" truecount="2" falsecount="0"/>
        <line num="90" count="5" type="stmt"/>
        <line num="91" count="5" type="cond" truecount="1" falsecount="1"/>
        <line num="92" count="5" type="stmt"/>
        <line num="95" count="2" type="stmt"/>
        <line num="96" count="2" type="cond" truecount="1" falsecount="1"/>
        <line num="97" count="194" type="stmt"/>
        <line num="98" count="2" type="stmt"/>
      </file>
    </metrics>
  </project>
</coverage>
