{"/Users/tonylefler/dev-authority/icoset/packages/icoset/src/build-icons.js": {"path":"/Users/tonylefler/dev-authority/icoset/packages/icoset/src/build-icons.js","statementMap":{"0":{"start":{"line":1,"column":11},"end":{"line":1,"column":24}},"1":{"start":{"line":2,"column":13},"end":{"line":2,"column":28}},"2":{"start":{"line":3,"column":23},"end":{"line":3,"column":41}},"3":{"start":{"line":5,"column":0},"end":{"line":61,"column":1}},"4":{"start":{"line":6,"column":21},"end":{"line":6,"column":23}},"5":{"start":{"line":7,"column":25},"end":{"line":50,"column":3}},"6":{"start":{"line":9,"column":24},"end":{"line":9,"column":26}},"7":{"start":{"line":10,"column":6},"end":{"line":10,"column":109}},"8":{"start":{"line":10,"column":64},"end":{"line":10,"column":109}},"9":{"start":{"line":11,"column":6},"end":{"line":48,"column":10}},"10":{"start":{"line":12,"column":8},"end":{"line":47,"column":11}},"11":{"start":{"line":14,"column":10},"end":{"line":18,"column":11}},"12":{"start":{"line":15,"column":12},"end":{"line":15,"column":54}},"13":{"start":{"line":17,"column":12},"end":{"line":17,"column":27}},"14":{"start":{"line":19,"column":10},"end":{"line":19,"column":52}},"15":{"start":{"line":20,"column":23},"end":{"line":23,"column":11}},"16":{"start":{"line":22,"column":27},"end":{"line":22,"column":54}},"17":{"start":{"line":24,"column":23},"end":{"line":24,"column":37}},"18":{"start":{"line":25,"column":10},"end":{"line":46,"column":17}},"19":{"start":{"line":27,"column":30},"end":{"line":27,"column":48}},"20":{"start":{"line":28,"column":30},"end":{"line":28,"column":32}},"21":{"start":{"line":29,"column":16},"end":{"line":35,"column":17}},"22":{"start":{"line":30,"column":18},"end":{"line":30,"column":59}},"23":{"start":{"line":31,"column":23},"end":{"line":35,"column":17}},"24":{"start":{"line":32,"column":33},"end":{"line":32,"column":62}},"25":{"start":{"line":33,"column":32},"end":{"line":33,"column":60}},"26":{"start":{"line":34,"column":18},"end":{"line":34,"column":76}},"27":{"start":{"line":36,"column":16},"end":{"line":36,"column":52}},"28":{"start":{"line":37,"column":16},"end":{"line":39,"column":65}},"29":{"start":{"line":40,"column":16},"end":{"line":40,"column":37}},"30":{"start":{"line":43,"column":16},"end":{"line":43,"column":77}},"31":{"start":{"line":44,"column":16},"end":{"line":44,"column":54}},"32":{"start":{"line":45,"column":16},"end":{"line":45,"column":32}},"33":{"start":{"line":52,"column":2},"end":{"line":59,"column":5}},"34":{"start":{"line":53,"column":4},"end":{"line":58,"column":7}},"35":{"start":{"line":54,"column":6},"end":{"line":57,"column":9}}},"fnMap":{"0":{"name":"buildIcons","decl":{"start":{"line":5,"column":26},"end":{"line":5,"column":36}},"loc":{"start":{"line":5,"column":68},"end":{"line":61,"column":1}},"line":5},"1":{"name":"(anonymous_1)","decl":{"start":{"line":8,"column":22},"end":{"line":8,"column":23}},"loc":{"start":{"line":8,"column":56},"end":{"line":49,"column":5}},"line":8},"2":{"name":"(anonymous_2)","decl":{"start":{"line":11,"column":41},"end":{"line":11,"column":42}},"loc":{"start":{"line":11,"column":49},"end":{"line":48,"column":7}},"line":11},"3":{"name":"(anonymous_3)","decl":{"start":{"line":12,"column":27},"end":{"line":12,"column":28}},"loc":{"start":{"line":12,"column":44},"end":{"line":47,"column":9}},"line":12},"4":{"name":"(anonymous_4)","decl":{"start":{"line":22,"column":19},"end":{"line":22,"column":20}},"loc":{"start":{"line":22,"column":27},"end":{"line":22,"column":54}},"line":22},"5":{"name":"(anonymous_5)","decl":{"start":{"line":26,"column":18},"end":{"line":26,"column":19}},"loc":{"start":{"line":26,"column":35},"end":{"line":41,"column":15}},"line":26},"6":{"name":"(anonymous_6)","decl":{"start":{"line":42,"column":14},"end":{"line":42,"column":15}},"loc":{"start":{"line":42,"column":23},"end":{"line":46,"column":15}},"line":42},"7":{"name":"(anonymous_7)","decl":{"start":{"line":52,"column":21},"end":{"line":52,"column":22}},"loc":{"start":{"line":52,"column":34},"end":{"line":59,"column":3}},"line":52},"8":{"name":"(anonymous_8)","decl":{"start":{"line":53,"column":24},"end":{"line":53,"column":25}},"loc":{"start":{"line":53,"column":35},"end":{"line":58,"column":5}},"line":53}},"branchMap":{"0":{"loc":{"start":{"line":5,"column":37},"end":{"line":5,"column":52}},"type":"default-arg","locations":[{"start":{"line":5,"column":50},"end":{"line":5,"column":52}}],"line":5},"1":{"loc":{"start":{"line":5,"column":54},"end":{"line":5,"column":66}},"type":"default-arg","locations":[{"start":{"line":5,"column":64},"end":{"line":5,"column":66}}],"line":5},"2":{"loc":{"start":{"line":10,"column":6},"end":{"line":10,"column":109}},"type":"if","locations":[{"start":{"line":10,"column":6},"end":{"line":10,"column":109}},{"start":{"line":10,"column":6},"end":{"line":10,"column":109}}],"line":10},"3":{"loc":{"start":{"line":10,"column":10},"end":{"line":10,"column":62}},"type":"binary-expr","locations":[{"start":{"line":10,"column":10},"end":{"line":10,"column":28}},{"start":{"line":10,"column":32},"end":{"line":10,"column":62}}],"line":10},"4":{"loc":{"start":{"line":29,"column":16},"end":{"line":35,"column":17}},"type":"if","locations":[{"start":{"line":29,"column":16},"end":{"line":35,"column":17}},{"start":{"line":29,"column":16},"end":{"line":35,"column":17}}],"line":29},"5":{"loc":{"start":{"line":31,"column":23},"end":{"line":35,"column":17}},"type":"if","locations":[{"start":{"line":31,"column":23},"end":{"line":35,"column":17}},{"start":{"line":31,"column":23},"end":{"line":35,"column":17}}],"line":31},"6":{"loc":{"start":{"line":31,"column":27},"end":{"line":31,"column":82}},"type":"binary-expr","locations":[{"start":{"line":31,"column":27},"end":{"line":31,"column":52}},{"start":{"line":31,"column":56},"end":{"line":31,"column":82}}],"line":31},"7":{"loc":{"start":{"line":34,"column":28},"end":{"line":34,"column":75}},"type":"cond-expr","locations":[{"start":{"line":34,"column":46},"end":{"line":34,"column":70}},{"start":{"line":34,"column":73},"end":{"line":34,"column":75}}],"line":34},"8":{"loc":{"start":{"line":34,"column":28},"end":{"line":34,"column":43}},"type":"binary-expr","locations":[{"start":{"line":34,"column":28},"end":{"line":34,"column":33}},{"start":{"line":34,"column":37},"end":{"line":34,"column":43}}],"line":34}},"s":{"0":1,"1":1,"2":1,"3":1,"4":1,"5":1,"6":2,"7":2,"8":0,"9":2,"10":2,"11":2,"12":2,"13":0,"14":2,"15":2,"16":0,"17":2,"18":2,"19":2,"20":2,"21":2,"22":0,"23":2,"24":2,"25":2,"26":2,"27":2,"28":2,"29":2,"30":0,"31":0,"32":0,"33":1,"34":1,"35":1},"f":{"0":1,"1":2,"2":2,"3":2,"4":0,"5":2,"6":0,"7":1,"8":1},"b":{"0":[0],"1":[1],"2":[0,2],"3":[2,0],"4":[0,2],"5":[2,0],"6":[2,2],"7":[2,0],"8":[2,2]},"_coverageSchema":"332fd63041d2c1bcb487cc26dd0d5f7d97098a6c","hash":"39630284aba6866250dc0096eec82c5453b0026c"}
,"/Users/tonylefler/dev-authority/icoset/packages/icoset/src/utils.js": {"path":"/Users/tonylefler/dev-authority/icoset/packages/icoset/src/utils.js","statementMap":{"0":{"start":{"line":2,"column":2},"end":{"line":2,"column":61}},"1":{"start":{"line":6,"column":17},"end":{"line":6,"column":58}},"2":{"start":{"line":7,"column":2},"end":{"line":7,"column":73}},"3":{"start":{"line":11,"column":15},"end":{"line":15,"column":29}},"4":{"start":{"line":17,"column":20},"end":{"line":20,"column":28}},"5":{"start":{"line":22,"column":16},"end":{"line":22,"column":20}},"6":{"start":{"line":23,"column":2},"end":{"line":26,"column":3}},"7":{"start":{"line":24,"column":20},"end":{"line":24,"column":54}},"8":{"start":{"line":25,"column":4},"end":{"line":25,"column":51}},"9":{"start":{"line":27,"column":2},"end":{"line":27,"column":77}},"10":{"start":{"line":27,"column":41},"end":{"line":27,"column":77}},"11":{"start":{"line":28,"column":2},"end":{"line":28,"column":69}},"12":{"start":{"line":28,"column":25},"end":{"line":28,"column":69}},"13":{"start":{"line":30,"column":2},"end":{"line":33,"column":4}},"14":{"start":{"line":36,"column":26},"end":{"line":62,"column":1}},"15":{"start":{"line":64,"column":0},"end":{"line":69,"column":2}}},"fnMap":{"0":{"name":"isFunction","decl":{"start":{"line":1,"column":9},"end":{"line":1,"column":19}},"loc":{"start":{"line":1,"column":25},"end":{"line":3,"column":1}},"line":1},"1":{"name":"getAttrVal","decl":{"start":{"line":5,"column":9},"end":{"line":5,"column":19}},"loc":{"start":{"line":5,"column":31},"end":{"line":8,"column":1}},"line":5},"2":{"name":"buildName","decl":{"start":{"line":10,"column":9},"end":{"line":10,"column":18}},"loc":{"start":{"line":10,"column":107},"end":{"line":34,"column":1}},"line":10}},"branchMap":{"0":{"loc":{"start":{"line":2,"column":12},"end":{"line":2,"column":59}},"type":"binary-expr","locations":[{"start":{"line":2,"column":12},"end":{"line":2,"column":15}},{"start":{"line":2,"column":19},"end":{"line":2,"column":34}},{"start":{"line":2,"column":38},"end":{"line":2,"column":46}},{"start":{"line":2,"column":50},"end":{"line":2,"column":59}}],"line":2},"1":{"loc":{"start":{"line":7,"column":9},"end":{"line":7,"column":72}},"type":"cond-expr","locations":[{"start":{"line":7,"column":18},"end":{"line":7,"column":67}},{"start":{"line":7,"column":70},"end":{"line":7,"column":72}}],"line":7},"2":{"loc":{"start":{"line":10,"column":29},"end":{"line":10,"column":57}},"type":"default-arg","locations":[{"start":{"line":10,"column":52},"end":{"line":10,"column":57}}],"line":10},"3":{"loc":{"start":{"line":10,"column":59},"end":{"line":10,"column":81}},"type":"default-arg","locations":[{"start":{"line":10,"column":79},"end":{"line":10,"column":81}}],"line":10},"4":{"loc":{"start":{"line":10,"column":83},"end":{"line":10,"column":105}},"type":"default-arg","locations":[{"start":{"line":10,"column":103},"end":{"line":10,"column":105}}],"line":10},"5":{"loc":{"start":{"line":23,"column":2},"end":{"line":26,"column":3}},"type":"if","locations":[{"start":{"line":23,"column":2},"end":{"line":26,"column":3}},{"start":{"line":23,"column":2},"end":{"line":26,"column":3}}],"line":23},"6":{"loc":{"start":{"line":25,"column":14},"end":{"line":25,"column":50}},"type":"binary-expr","locations":[{"start":{"line":25,"column":14},"end":{"line":25,"column":42}},{"start":{"line":25,"column":46},"end":{"line":25,"column":50}}],"line":25},"7":{"loc":{"start":{"line":27,"column":2},"end":{"line":27,"column":77}},"type":"if","locations":[{"start":{"line":27,"column":2},"end":{"line":27,"column":77}},{"start":{"line":27,"column":2},"end":{"line":27,"column":77}}],"line":27},"8":{"loc":{"start":{"line":27,"column":6},"end":{"line":27,"column":39}},"type":"binary-expr","locations":[{"start":{"line":27,"column":6},"end":{"line":27,"column":26}},{"start":{"line":27,"column":30},"end":{"line":27,"column":39}}],"line":27},"9":{"loc":{"start":{"line":28,"column":2},"end":{"line":28,"column":69}},"type":"if","locations":[{"start":{"line":28,"column":2},"end":{"line":28,"column":69}},{"start":{"line":28,"column":2},"end":{"line":28,"column":69}}],"line":28}},"s":{"0":7,"1":4,"2":4,"3":35,"4":35,"5":35,"6":35,"7":0,"8":0,"9":35,"10":2,"11":35,"12":0,"13":35,"14":3,"15":3},"f":{"0":7,"1":4,"2":35},"b":{"0":[7,7,7,4],"1":[4,0],"2":[0],"3":[0],"4":[0],"5":[0,35],"6":[0,0],"7":[2,33],"8":[35,6],"9":[0,35]},"_coverageSchema":"332fd63041d2c1bcb487cc26dd0d5f7d97098a6c","hash":"c3cf471dcb56bc01332a32b1a67b2e3b524ad1a8"}
,"/Users/tonylefler/dev-authority/icoset/packages/icoset/src/walk.js": {"path":"/Users/tonylefler/dev-authority/icoset/packages/icoset/src/walk.js","statementMap":{"0":{"start":{"line":1,"column":11},"end":{"line":1,"column":24}},"1":{"start":{"line":2,"column":13},"end":{"line":2,"column":28}},"2":{"start":{"line":3,"column":22},"end":{"line":3,"column":40}},"3":{"start":{"line":9,"column":0},"end":{"line":117,"column":1}},"4":{"start":{"line":21,"column":4},"end":{"line":21,"column":46}},"5":{"start":{"line":21,"column":34},"end":{"line":21,"column":46}},"6":{"start":{"line":22,"column":29},"end":{"line":22,"column":69}},"7":{"start":{"line":23,"column":38},"end":{"line":28,"column":5}},"8":{"start":{"line":29,"column":4},"end":{"line":33,"column":6}},"9":{"start":{"line":36,"column":16},"end":{"line":48,"column":3}},"10":{"start":{"line":37,"column":4},"end":{"line":37,"column":45}},"11":{"start":{"line":37,"column":33},"end":{"line":37,"column":45}},"12":{"start":{"line":38,"column":4},"end":{"line":38,"column":65}},"13":{"start":{"line":38,"column":52},"end":{"line":38,"column":65}},"14":{"start":{"line":39,"column":4},"end":{"line":42,"column":5}},"15":{"start":{"line":40,"column":22},"end":{"line":40,"column":51}},"16":{"start":{"line":41,"column":6},"end":{"line":41,"column":44}},"17":{"start":{"line":41,"column":31},"end":{"line":41,"column":44}},"18":{"start":{"line":43,"column":4},"end":{"line":46,"column":5}},"19":{"start":{"line":44,"column":22},"end":{"line":44,"column":52}},"20":{"start":{"line":45,"column":6},"end":{"line":45,"column":43}},"21":{"start":{"line":45,"column":30},"end":{"line":45,"column":43}},"22":{"start":{"line":47,"column":4},"end":{"line":47,"column":16}},"23":{"start":{"line":51,"column":18},"end":{"line":51,"column":20}},"24":{"start":{"line":52,"column":4},"end":{"line":72,"column":7}},"25":{"start":{"line":53,"column":6},"end":{"line":53,"column":32}},"26":{"start":{"line":53,"column":15},"end":{"line":53,"column":32}},"27":{"start":{"line":54,"column":20},"end":{"line":54,"column":31}},"28":{"start":{"line":55,"column":6},"end":{"line":55,"column":47}},"29":{"start":{"line":55,"column":20},"end":{"line":55,"column":47}},"30":{"start":{"line":56,"column":6},"end":{"line":71,"column":9}},"31":{"start":{"line":57,"column":8},"end":{"line":57,"column":39}},"32":{"start":{"line":58,"column":8},"end":{"line":70,"column":11}},"33":{"start":{"line":59,"column":10},"end":{"line":69,"column":11}},"34":{"start":{"line":60,"column":12},"end":{"line":64,"column":15}},"35":{"start":{"line":62,"column":14},"end":{"line":62,"column":76}},"36":{"start":{"line":63,"column":14},"end":{"line":63,"column":49}},"37":{"start":{"line":63,"column":30},"end":{"line":63,"column":49}},"38":{"start":{"line":67,"column":12},"end":{"line":67,"column":62}},"39":{"start":{"line":67,"column":29},"end":{"line":67,"column":62}},"40":{"start":{"line":68,"column":12},"end":{"line":68,"column":47}},"41":{"start":{"line":68,"column":28},"end":{"line":68,"column":47}},"42":{"start":{"line":76,"column":26},"end":{"line":80,"column":15}},"43":{"start":{"line":78,"column":8},"end":{"line":78,"column":65}},"44":{"start":{"line":78,"column":34},"end":{"line":78,"column":63}},"45":{"start":{"line":82,"column":4},"end":{"line":100,"column":6}},"46":{"start":{"line":82,"column":38},"end":{"line":85,"column":5}},"47":{"start":{"line":87,"column":8},"end":{"line":96,"column":9}},"48":{"start":{"line":88,"column":27},"end":{"line":88,"column":47}},"49":{"start":{"line":89,"column":27},"end":{"line":89,"column":49}},"50":{"start":{"line":90,"column":10},"end":{"line":95,"column":11}},"51":{"start":{"line":91,"column":12},"end":{"line":94,"column":14}},"52":{"start":{"line":97,"column":8},"end":{"line":97,"column":19}},"53":{"start":{"line":99,"column":22},"end":{"line":99,"column":26}},"54":{"start":{"line":103,"column":2},"end":{"line":116,"column":5}},"55":{"start":{"line":104,"column":4},"end":{"line":115,"column":5}},"56":{"start":{"line":105,"column":6},"end":{"line":108,"column":9}},"57":{"start":{"line":106,"column":8},"end":{"line":106,"column":34}},"58":{"start":{"line":106,"column":17},"end":{"line":106,"column":34}},"59":{"start":{"line":107,"column":8},"end":{"line":107,"column":39}},"60":{"start":{"line":110,"column":6},"end":{"line":114,"column":9}},"61":{"start":{"line":111,"column":8},"end":{"line":111,"column":34}},"62":{"start":{"line":111,"column":17},"end":{"line":111,"column":34}},"63":{"start":{"line":112,"column":24},"end":{"line":112,"column":92}},"64":{"start":{"line":112,"column":55},"end":{"line":112,"column":91}},"65":{"start":{"line":113,"column":8},"end":{"line":113,"column":39}}},"fnMap":{"0":{"name":"walk","decl":{"start":{"line":9,"column":26},"end":{"line":9,"column":30}},"loc":{"start":{"line":19,"column":10},"end":{"line":117,"column":1}},"line":19},"1":{"name":"buildIconObj","decl":{"start":{"line":20,"column":11},"end":{"line":20,"column":23}},"loc":{"start":{"line":20,"column":30},"end":{"line":34,"column":3}},"line":20},"2":{"name":"(anonymous_2)","decl":{"start":{"line":36,"column":16},"end":{"line":36,"column":17}},"loc":{"start":{"line":36,"column":25},"end":{"line":48,"column":3}},"line":36},"3":{"name":"iterate","decl":{"start":{"line":50,"column":11},"end":{"line":50,"column":18}},"loc":{"start":{"line":50,"column":30},"end":{"line":73,"column":3}},"line":50},"4":{"name":"(anonymous_4)","decl":{"start":{"line":52,"column":20},"end":{"line":52,"column":21}},"loc":{"start":{"line":52,"column":40},"end":{"line":72,"column":5}},"line":52},"5":{"name":"(anonymous_5)","decl":{"start":{"line":56,"column":19},"end":{"line":56,"column":20}},"loc":{"start":{"line":56,"column":34},"end":{"line":71,"column":7}},"line":56},"6":{"name":"(anonymous_6)","decl":{"start":{"line":58,"column":22},"end":{"line":58,"column":23}},"loc":{"start":{"line":58,"column":42},"end":{"line":70,"column":9}},"line":58},"7":{"name":"(anonymous_7)","decl":{"start":{"line":60,"column":26},"end":{"line":60,"column":27}},"loc":{"start":{"line":60,"column":45},"end":{"line":64,"column":13}},"line":60},"8":{"name":"buildResults","decl":{"start":{"line":75,"column":11},"end":{"line":75,"column":23}},"loc":{"start":{"line":75,"column":33},"end":{"line":101,"column":3}},"line":75},"9":{"name":"(anonymous_9)","decl":{"start":{"line":77,"column":23},"end":{"line":77,"column":24}},"loc":{"start":{"line":77,"column":34},"end":{"line":79,"column":7}},"line":77},"10":{"name":"(anonymous_10)","decl":{"start":{"line":78,"column":26},"end":{"line":78,"column":27}},"loc":{"start":{"line":78,"column":34},"end":{"line":78,"column":63}},"line":78},"11":{"name":"(anonymous_11)","decl":{"start":{"line":82,"column":29},"end":{"line":82,"column":30}},"loc":{"start":{"line":82,"column":38},"end":{"line":85,"column":5}},"line":82},"12":{"name":"(anonymous_12)","decl":{"start":{"line":86,"column":11},"end":{"line":86,"column":12}},"loc":{"start":{"line":86,"column":19},"end":{"line":98,"column":7}},"line":86},"13":{"name":"(anonymous_13)","decl":{"start":{"line":99,"column":14},"end":{"line":99,"column":15}},"loc":{"start":{"line":99,"column":22},"end":{"line":99,"column":26}},"line":99},"14":{"name":"(anonymous_14)","decl":{"start":{"line":103,"column":21},"end":{"line":103,"column":22}},"loc":{"start":{"line":103,"column":34},"end":{"line":116,"column":3}},"line":103},"15":{"name":"(anonymous_15)","decl":{"start":{"line":105,"column":25},"end":{"line":105,"column":26}},"loc":{"start":{"line":105,"column":43},"end":{"line":108,"column":7}},"line":105},"16":{"name":"(anonymous_16)","decl":{"start":{"line":110,"column":28},"end":{"line":110,"column":29}},"loc":{"start":{"line":110,"column":48},"end":{"line":114,"column":7}},"line":110},"17":{"name":"(anonymous_17)","decl":{"start":{"line":112,"column":47},"end":{"line":112,"column":48}},"loc":{"start":{"line":112,"column":55},"end":{"line":112,"column":91}},"line":112}},"branchMap":{"0":{"loc":{"start":{"line":10,"column":2},"end":{"line":19,"column":8}},"type":"default-arg","locations":[{"start":{"line":19,"column":6},"end":{"line":19,"column":8}}],"line":10},"1":{"loc":{"start":{"line":12,"column":4},"end":{"line":12,"column":20}},"type":"default-arg","locations":[{"start":{"line":12,"column":15},"end":{"line":12,"column":20}}],"line":12},"2":{"loc":{"start":{"line":13,"column":4},"end":{"line":13,"column":32}},"type":"default-arg","locations":[{"start":{"line":13,"column":27},"end":{"line":13,"column":32}}],"line":13},"3":{"loc":{"start":{"line":14,"column":4},"end":{"line":14,"column":26}},"type":"default-arg","locations":[{"start":{"line":14,"column":24},"end":{"line":14,"column":26}}],"line":14},"4":{"loc":{"start":{"line":15,"column":4},"end":{"line":15,"column":26}},"type":"default-arg","locations":[{"start":{"line":15,"column":24},"end":{"line":15,"column":26}}],"line":15},"5":{"loc":{"start":{"line":16,"column":4},"end":{"line":16,"column":22}},"type":"default-arg","locations":[{"start":{"line":16,"column":20},"end":{"line":16,"column":22}}],"line":16},"6":{"loc":{"start":{"line":17,"column":4},"end":{"line":17,"column":21}},"type":"default-arg","locations":[{"start":{"line":17,"column":19},"end":{"line":17,"column":21}}],"line":17},"7":{"loc":{"start":{"line":18,"column":4},"end":{"line":18,"column":14}},"type":"default-arg","locations":[{"start":{"line":18,"column":12},"end":{"line":18,"column":14}}],"line":18},"8":{"loc":{"start":{"line":21,"column":4},"end":{"line":21,"column":46}},"type":"if","locations":[{"start":{"line":21,"column":4},"end":{"line":21,"column":46}},{"start":{"line":21,"column":4},"end":{"line":21,"column":46}}],"line":21},"9":{"loc":{"start":{"line":37,"column":4},"end":{"line":37,"column":45}},"type":"if","locations":[{"start":{"line":37,"column":4},"end":{"line":37,"column":45}},{"start":{"line":37,"column":4},"end":{"line":37,"column":45}}],"line":37},"10":{"loc":{"start":{"line":38,"column":4},"end":{"line":38,"column":65}},"type":"if","locations":[{"start":{"line":38,"column":4},"end":{"line":38,"column":65}},{"start":{"line":38,"column":4},"end":{"line":38,"column":65}}],"line":38},"11":{"loc":{"start":{"line":39,"column":4},"end":{"line":42,"column":5}},"type":"if","locations":[{"start":{"line":39,"column":4},"end":{"line":42,"column":5}},{"start":{"line":39,"column":4},"end":{"line":42,"column":5}}],"line":39},"12":{"loc":{"start":{"line":41,"column":6},"end":{"line":41,"column":44}},"type":"if","locations":[{"start":{"line":41,"column":6},"end":{"line":41,"column":44}},{"start":{"line":41,"column":6},"end":{"line":41,"column":44}}],"line":41},"13":{"loc":{"start":{"line":43,"column":4},"end":{"line":46,"column":5}},"type":"if","locations":[{"start":{"line":43,"column":4},"end":{"line":46,"column":5}},{"start":{"line":43,"column":4},"end":{"line":46,"column":5}}],"line":43},"14":{"loc":{"start":{"line":45,"column":6},"end":{"line":45,"column":43}},"type":"if","locations":[{"start":{"line":45,"column":6},"end":{"line":45,"column":43}},{"start":{"line":45,"column":6},"end":{"line":45,"column":43}}],"line":45},"15":{"loc":{"start":{"line":53,"column":6},"end":{"line":53,"column":32}},"type":"if","locations":[{"start":{"line":53,"column":6},"end":{"line":53,"column":32}},{"start":{"line":53,"column":6},"end":{"line":53,"column":32}}],"line":53},"16":{"loc":{"start":{"line":55,"column":6},"end":{"line":55,"column":47}},"type":"if","locations":[{"start":{"line":55,"column":6},"end":{"line":55,"column":47}},{"start":{"line":55,"column":6},"end":{"line":55,"column":47}}],"line":55},"17":{"loc":{"start":{"line":59,"column":10},"end":{"line":69,"column":11}},"type":"if","locations":[{"start":{"line":59,"column":10},"end":{"line":69,"column":11}},{"start":{"line":59,"column":10},"end":{"line":69,"column":11}}],"line":59},"18":{"loc":{"start":{"line":59,"column":14},"end":{"line":59,"column":40}},"type":"binary-expr","locations":[{"start":{"line":59,"column":14},"end":{"line":59,"column":18}},{"start":{"line":59,"column":22},"end":{"line":59,"column":40}}],"line":59},"19":{"loc":{"start":{"line":63,"column":14},"end":{"line":63,"column":49}},"type":"if","locations":[{"start":{"line":63,"column":14},"end":{"line":63,"column":49}},{"start":{"line":63,"column":14},"end":{"line":63,"column":49}}],"line":63},"20":{"loc":{"start":{"line":67,"column":12},"end":{"line":67,"column":62}},"type":"if","locations":[{"start":{"line":67,"column":12},"end":{"line":67,"column":62}},{"start":{"line":67,"column":12},"end":{"line":67,"column":62}}],"line":67},"21":{"loc":{"start":{"line":68,"column":12},"end":{"line":68,"column":47}},"type":"if","locations":[{"start":{"line":68,"column":12},"end":{"line":68,"column":47}},{"start":{"line":68,"column":12},"end":{"line":68,"column":47}}],"line":68},"22":{"loc":{"start":{"line":76,"column":26},"end":{"line":80,"column":15}},"type":"cond-expr","locations":[{"start":{"line":77,"column":8},"end":{"line":79,"column":8}},{"start":{"line":80,"column":8},"end":{"line":80,"column":15}}],"line":76},"23":{"loc":{"start":{"line":76,"column":26},"end":{"line":76,"column":56}},"type":"binary-expr","locations":[{"start":{"line":76,"column":26},"end":{"line":76,"column":38}},{"start":{"line":76,"column":42},"end":{"line":76,"column":56}}],"line":76},"24":{"loc":{"start":{"line":87,"column":8},"end":{"line":96,"column":9}},"type":"if","locations":[{"start":{"line":87,"column":8},"end":{"line":96,"column":9}},{"start":{"line":87,"column":8},"end":{"line":96,"column":9}}],"line":87},"25":{"loc":{"start":{"line":90,"column":10},"end":{"line":95,"column":11}},"type":"if","locations":[{"start":{"line":90,"column":10},"end":{"line":95,"column":11}},{"start":{"line":90,"column":10},"end":{"line":95,"column":11}}],"line":90},"26":{"loc":{"start":{"line":104,"column":4},"end":{"line":115,"column":5}},"type":"if","locations":[{"start":{"line":104,"column":4},"end":{"line":115,"column":5}},{"start":{"line":104,"column":4},"end":{"line":115,"column":5}}],"line":104},"27":{"loc":{"start":{"line":106,"column":8},"end":{"line":106,"column":34}},"type":"if","locations":[{"start":{"line":106,"column":8},"end":{"line":106,"column":34}},{"start":{"line":106,"column":8},"end":{"line":106,"column":34}}],"line":106},"28":{"loc":{"start":{"line":111,"column":8},"end":{"line":111,"column":34}},"type":"if","locations":[{"start":{"line":111,"column":8},"end":{"line":111,"column":34}},{"start":{"line":111,"column":8},"end":{"line":111,"column":34}}],"line":111}},"s":{"0":1,"1":1,"2":1,"3":1,"4":50,"5":15,"6":35,"7":35,"8":35,"9":7,"10":52,"11":15,"12":37,"13":2,"14":35,"15":0,"16":0,"17":0,"18":35,"19":0,"20":0,"21":0,"22":35,"23":15,"24":15,"25":15,"26":0,"27":15,"28":15,"29":0,"30":15,"31":40,"32":40,"33":40,"34":10,"35":10,"36":10,"37":10,"38":30,"39":30,"40":30,"41":5,"42":7,"43":18,"44":18,"45":7,"46":20,"47":3,"48":0,"49":0,"50":0,"51":0,"52":3,"53":3,"54":7,"55":7,"56":5,"57":5,"58":0,"59":5,"60":2,"61":2,"62":0,"63":2,"64":5,"65":2},"f":{"0":7,"1":50,"2":52,"3":15,"4":15,"5":40,"6":40,"7":10,"8":7,"9":18,"10":18,"11":20,"12":3,"13":3,"14":7,"15":5,"16":2,"17":5},"b":{"0":[0],"1":[2],"2":[6],"3":[7],"4":[7],"5":[7],"6":[7],"7":[4],"8":[15,35],"9":[15,37],"10":[2,35],"11":[0,35],"12":[0,0],"13":[0,35],"14":[0,0],"15":[0,15],"16":[0,15],"17":[10,30],"18":[40,40],"19":[10,0],"20":[30,0],"21":[5,25],"22":[3,4],"23":[7,3],"24":[0,3],"25":[0,0],"26":[5,2],"27":[0,5],"28":[0,2]},"_coverageSchema":"332fd63041d2c1bcb487cc26dd0d5f7d97098a6c","hash":"6d8678f62052dac12fb75aca706dbe027c34a9e3"}
}
