{"/Users/tonylefler/dev-authority/icoset/packages/icoset/src/build-icons.js": {"path":"/Users/tonylefler/dev-authority/icoset/packages/icoset/src/build-icons.js","statementMap":{"0":{"start":{"line":1,"column":11},"end":{"line":1,"column":24}},"1":{"start":{"line":2,"column":13},"end":{"line":2,"column":28}},"2":{"start":{"line":3,"column":23},"end":{"line":3,"column":41}},"3":{"start":{"line":5,"column":0},"end":{"line":59,"column":1}},"4":{"start":{"line":6,"column":21},"end":{"line":6,"column":23}},"5":{"start":{"line":7,"column":25},"end":{"line":48,"column":3}},"6":{"start":{"line":9,"column":6},"end":{"line":46,"column":10}},"7":{"start":{"line":10,"column":8},"end":{"line":45,"column":11}},"8":{"start":{"line":12,"column":10},"end":{"line":16,"column":11}},"9":{"start":{"line":13,"column":12},"end":{"line":13,"column":54}},"10":{"start":{"line":15,"column":12},"end":{"line":15,"column":27}},"11":{"start":{"line":17,"column":10},"end":{"line":17,"column":52}},"12":{"start":{"line":18,"column":23},"end":{"line":21,"column":12}},"13":{"start":{"line":20,"column":27},"end":{"line":20,"column":54}},"14":{"start":{"line":22,"column":10},"end":{"line":44,"column":17}},"15":{"start":{"line":24,"column":16},"end":{"line":24,"column":42}},"16":{"start":{"line":25,"column":30},"end":{"line":25,"column":32}},"17":{"start":{"line":26,"column":16},"end":{"line":32,"column":17}},"18":{"start":{"line":27,"column":18},"end":{"line":27,"column":56}},"19":{"start":{"line":28,"column":23},"end":{"line":32,"column":17}},"20":{"start":{"line":29,"column":33},"end":{"line":29,"column":59}},"21":{"start":{"line":30,"column":32},"end":{"line":30,"column":57}},"22":{"start":{"line":31,"column":18},"end":{"line":31,"column":76}},"23":{"start":{"line":33,"column":16},"end":{"line":33,"column":52}},"24":{"start":{"line":34,"column":16},"end":{"line":37,"column":67}},"25":{"start":{"line":38,"column":16},"end":{"line":38,"column":34}},"26":{"start":{"line":41,"column":16},"end":{"line":41,"column":77}},"27":{"start":{"line":42,"column":16},"end":{"line":42,"column":54}},"28":{"start":{"line":43,"column":16},"end":{"line":43,"column":32}},"29":{"start":{"line":50,"column":2},"end":{"line":57,"column":5}},"30":{"start":{"line":51,"column":4},"end":{"line":56,"column":7}},"31":{"start":{"line":52,"column":6},"end":{"line":55,"column":9}}},"fnMap":{"0":{"name":"buildIcons","decl":{"start":{"line":5,"column":26},"end":{"line":5,"column":36}},"loc":{"start":{"line":5,"column":81},"end":{"line":59,"column":1}},"line":5},"1":{"name":"(anonymous_1)","decl":{"start":{"line":8,"column":22},"end":{"line":8,"column":23}},"loc":{"start":{"line":8,"column":45},"end":{"line":47,"column":5}},"line":8},"2":{"name":"(anonymous_2)","decl":{"start":{"line":9,"column":41},"end":{"line":9,"column":42}},"loc":{"start":{"line":9,"column":49},"end":{"line":46,"column":7}},"line":9},"3":{"name":"(anonymous_3)","decl":{"start":{"line":10,"column":27},"end":{"line":10,"column":28}},"loc":{"start":{"line":10,"column":44},"end":{"line":45,"column":9}},"line":10},"4":{"name":"(anonymous_4)","decl":{"start":{"line":20,"column":19},"end":{"line":20,"column":20}},"loc":{"start":{"line":20,"column":27},"end":{"line":20,"column":54}},"line":20},"5":{"name":"(anonymous_5)","decl":{"start":{"line":23,"column":18},"end":{"line":23,"column":19}},"loc":{"start":{"line":23,"column":35},"end":{"line":39,"column":15}},"line":23},"6":{"name":"(anonymous_6)","decl":{"start":{"line":40,"column":14},"end":{"line":40,"column":15}},"loc":{"start":{"line":40,"column":23},"end":{"line":44,"column":15}},"line":40},"7":{"name":"(anonymous_7)","decl":{"start":{"line":50,"column":21},"end":{"line":50,"column":22}},"loc":{"start":{"line":50,"column":34},"end":{"line":57,"column":3}},"line":50},"8":{"name":"(anonymous_8)","decl":{"start":{"line":51,"column":24},"end":{"line":51,"column":25}},"loc":{"start":{"line":51,"column":35},"end":{"line":56,"column":5}},"line":51}},"branchMap":{"0":{"loc":{"start":{"line":5,"column":37},"end":{"line":5,"column":52}},"type":"default-arg","locations":[{"start":{"line":5,"column":50},"end":{"line":5,"column":52}}],"line":5},"1":{"loc":{"start":{"line":5,"column":54},"end":{"line":5,"column":79}},"type":"default-arg","locations":[{"start":{"line":5,"column":77},"end":{"line":5,"column":79}}],"line":5},"2":{"loc":{"start":{"line":5,"column":56},"end":{"line":5,"column":72}},"type":"default-arg","locations":[{"start":{"line":5,"column":70},"end":{"line":5,"column":72}}],"line":5},"3":{"loc":{"start":{"line":26,"column":16},"end":{"line":32,"column":17}},"type":"if","locations":[{"start":{"line":26,"column":16},"end":{"line":32,"column":17}},{"start":{"line":26,"column":16},"end":{"line":32,"column":17}}],"line":26},"4":{"loc":{"start":{"line":28,"column":23},"end":{"line":32,"column":17}},"type":"if","locations":[{"start":{"line":28,"column":23},"end":{"line":32,"column":17}},{"start":{"line":28,"column":23},"end":{"line":32,"column":17}}],"line":28},"5":{"loc":{"start":{"line":28,"column":27},"end":{"line":28,"column":76}},"type":"binary-expr","locations":[{"start":{"line":28,"column":27},"end":{"line":28,"column":49}},{"start":{"line":28,"column":53},"end":{"line":28,"column":76}}],"line":28},"6":{"loc":{"start":{"line":31,"column":28},"end":{"line":31,"column":75}},"type":"cond-expr","locations":[{"start":{"line":31,"column":46},"end":{"line":31,"column":70}},{"start":{"line":31,"column":73},"end":{"line":31,"column":75}}],"line":31},"7":{"loc":{"start":{"line":31,"column":28},"end":{"line":31,"column":43}},"type":"binary-expr","locations":[{"start":{"line":31,"column":28},"end":{"line":31,"column":33}},{"start":{"line":31,"column":37},"end":{"line":31,"column":43}}],"line":31}},"s":{"0":1,"1":1,"2":1,"3":1,"4":1,"5":1,"6":2,"7":2,"8":2,"9":2,"10":0,"11":2,"12":2,"13":0,"14":2,"15":2,"16":2,"17":2,"18":1,"19":1,"20":0,"21":0,"22":0,"23":2,"24":2,"25":2,"26":0,"27":0,"28":0,"29":1,"30":1,"31":1},"f":{"0":1,"1":2,"2":2,"3":2,"4":0,"5":2,"6":0,"7":1,"8":1},"b":{"0":[0],"1":[1],"2":[1],"3":[1,1],"4":[0,1],"5":[1,0],"6":[0,0],"7":[0,0]},"_coverageSchema":"332fd63041d2c1bcb487cc26dd0d5f7d97098a6c","hash":"4e221e4ef362632547383026e5552045bd269573"}
,"/Users/tonylefler/dev-authority/icoset/packages/icoset/src/utils.js": {"path":"/Users/tonylefler/dev-authority/icoset/packages/icoset/src/utils.js","statementMap":{"0":{"start":{"line":2,"column":2},"end":{"line":2,"column":61}},"1":{"start":{"line":6,"column":17},"end":{"line":6,"column":58}},"2":{"start":{"line":7,"column":2},"end":{"line":7,"column":73}},"3":{"start":{"line":11,"column":15},"end":{"line":15,"column":29}},"4":{"start":{"line":17,"column":20},"end":{"line":20,"column":28}},"5":{"start":{"line":22,"column":16},"end":{"line":22,"column":20}},"6":{"start":{"line":23,"column":2},"end":{"line":26,"column":3}},"7":{"start":{"line":24,"column":20},"end":{"line":24,"column":54}},"8":{"start":{"line":25,"column":4},"end":{"line":25,"column":51}},"9":{"start":{"line":27,"column":2},"end":{"line":27,"column":64}},"10":{"start":{"line":27,"column":28},"end":{"line":27,"column":64}},"11":{"start":{"line":28,"column":2},"end":{"line":28,"column":69}},"12":{"start":{"line":28,"column":25},"end":{"line":28,"column":69}},"13":{"start":{"line":30,"column":2},"end":{"line":33,"column":4}},"14":{"start":{"line":36,"column":26},"end":{"line":62,"column":1}},"15":{"start":{"line":64,"column":0},"end":{"line":69,"column":2}}},"fnMap":{"0":{"name":"isFunction","decl":{"start":{"line":1,"column":9},"end":{"line":1,"column":19}},"loc":{"start":{"line":1,"column":25},"end":{"line":3,"column":1}},"line":1},"1":{"name":"getAttrVal","decl":{"start":{"line":5,"column":9},"end":{"line":5,"column":19}},"loc":{"start":{"line":5,"column":31},"end":{"line":8,"column":1}},"line":5},"2":{"name":"buildName","decl":{"start":{"line":10,"column":9},"end":{"line":10,"column":18}},"loc":{"start":{"line":10,"column":107},"end":{"line":34,"column":1}},"line":10}},"branchMap":{"0":{"loc":{"start":{"line":2,"column":12},"end":{"line":2,"column":59}},"type":"binary-expr","locations":[{"start":{"line":2,"column":12},"end":{"line":2,"column":15}},{"start":{"line":2,"column":19},"end":{"line":2,"column":34}},{"start":{"line":2,"column":38},"end":{"line":2,"column":46}},{"start":{"line":2,"column":50},"end":{"line":2,"column":59}}],"line":2},"1":{"loc":{"start":{"line":7,"column":9},"end":{"line":7,"column":72}},"type":"cond-expr","locations":[{"start":{"line":7,"column":18},"end":{"line":7,"column":67}},{"start":{"line":7,"column":70},"end":{"line":7,"column":72}}],"line":7},"2":{"loc":{"start":{"line":10,"column":29},"end":{"line":10,"column":57}},"type":"default-arg","locations":[{"start":{"line":10,"column":52},"end":{"line":10,"column":57}}],"line":10},"3":{"loc":{"start":{"line":10,"column":59},"end":{"line":10,"column":81}},"type":"default-arg","locations":[{"start":{"line":10,"column":79},"end":{"line":10,"column":81}}],"line":10},"4":{"loc":{"start":{"line":10,"column":83},"end":{"line":10,"column":105}},"type":"default-arg","locations":[{"start":{"line":10,"column":103},"end":{"line":10,"column":105}}],"line":10},"5":{"loc":{"start":{"line":23,"column":2},"end":{"line":26,"column":3}},"type":"if","locations":[{"start":{"line":23,"column":2},"end":{"line":26,"column":3}},{"start":{"line":23,"column":2},"end":{"line":26,"column":3}}],"line":23},"6":{"loc":{"start":{"line":25,"column":14},"end":{"line":25,"column":50}},"type":"binary-expr","locations":[{"start":{"line":25,"column":14},"end":{"line":25,"column":42}},{"start":{"line":25,"column":46},"end":{"line":25,"column":50}}],"line":25},"7":{"loc":{"start":{"line":27,"column":2},"end":{"line":27,"column":64}},"type":"if","locations":[{"start":{"line":27,"column":2},"end":{"line":27,"column":64}},{"start":{"line":27,"column":2},"end":{"line":27,"column":64}}],"line":27},"8":{"loc":{"start":{"line":28,"column":2},"end":{"line":28,"column":69}},"type":"if","locations":[{"start":{"line":28,"column":2},"end":{"line":28,"column":69}},{"start":{"line":28,"column":2},"end":{"line":28,"column":69}}],"line":28}},"s":{"0":7,"1":1,"2":1,"3":224,"4":224,"5":224,"6":224,"7":0,"8":0,"9":224,"10":6,"11":224,"12":0,"13":224,"14":3,"15":3},"f":{"0":7,"1":1,"2":224},"b":{"0":[7,7,7,4],"1":[1,0],"2":[0],"3":[0],"4":[0],"5":[0,224],"6":[0,0],"7":[6,218],"8":[0,224]},"_coverageSchema":"332fd63041d2c1bcb487cc26dd0d5f7d97098a6c","hash":"5d0776d9d8b3c0781e6a481602706ab28ad5415e"}
,"/Users/tonylefler/dev-authority/icoset/packages/icoset/src/walk.js": {"path":"/Users/tonylefler/dev-authority/icoset/packages/icoset/src/walk.js","statementMap":{"0":{"start":{"line":1,"column":11},"end":{"line":1,"column":24}},"1":{"start":{"line":2,"column":13},"end":{"line":2,"column":28}},"2":{"start":{"line":3,"column":22},"end":{"line":3,"column":40}},"3":{"start":{"line":9,"column":0},"end":{"line":102,"column":1}},"4":{"start":{"line":21,"column":4},"end":{"line":21,"column":46}},"5":{"start":{"line":21,"column":34},"end":{"line":21,"column":46}},"6":{"start":{"line":22,"column":29},"end":{"line":22,"column":69}},"7":{"start":{"line":23,"column":38},"end":{"line":28,"column":5}},"8":{"start":{"line":29,"column":4},"end":{"line":33,"column":6}},"9":{"start":{"line":36,"column":16},"end":{"line":48,"column":3}},"10":{"start":{"line":37,"column":4},"end":{"line":37,"column":45}},"11":{"start":{"line":37,"column":33},"end":{"line":37,"column":45}},"12":{"start":{"line":38,"column":4},"end":{"line":38,"column":65}},"13":{"start":{"line":38,"column":52},"end":{"line":38,"column":65}},"14":{"start":{"line":39,"column":4},"end":{"line":42,"column":5}},"15":{"start":{"line":40,"column":22},"end":{"line":40,"column":51}},"16":{"start":{"line":41,"column":6},"end":{"line":41,"column":44}},"17":{"start":{"line":41,"column":31},"end":{"line":41,"column":44}},"18":{"start":{"line":43,"column":4},"end":{"line":46,"column":5}},"19":{"start":{"line":44,"column":22},"end":{"line":44,"column":52}},"20":{"start":{"line":45,"column":6},"end":{"line":45,"column":43}},"21":{"start":{"line":45,"column":30},"end":{"line":45,"column":43}},"22":{"start":{"line":47,"column":4},"end":{"line":47,"column":16}},"23":{"start":{"line":51,"column":18},"end":{"line":51,"column":20}},"24":{"start":{"line":52,"column":4},"end":{"line":72,"column":7}},"25":{"start":{"line":53,"column":6},"end":{"line":53,"column":32}},"26":{"start":{"line":53,"column":15},"end":{"line":53,"column":32}},"27":{"start":{"line":54,"column":20},"end":{"line":54,"column":31}},"28":{"start":{"line":55,"column":6},"end":{"line":55,"column":47}},"29":{"start":{"line":55,"column":20},"end":{"line":55,"column":47}},"30":{"start":{"line":56,"column":6},"end":{"line":71,"column":9}},"31":{"start":{"line":57,"column":8},"end":{"line":57,"column":39}},"32":{"start":{"line":58,"column":8},"end":{"line":70,"column":11}},"33":{"start":{"line":59,"column":10},"end":{"line":69,"column":11}},"34":{"start":{"line":60,"column":12},"end":{"line":64,"column":15}},"35":{"start":{"line":62,"column":14},"end":{"line":62,"column":76}},"36":{"start":{"line":63,"column":14},"end":{"line":63,"column":49}},"37":{"start":{"line":63,"column":30},"end":{"line":63,"column":49}},"38":{"start":{"line":67,"column":12},"end":{"line":67,"column":62}},"39":{"start":{"line":67,"column":29},"end":{"line":67,"column":62}},"40":{"start":{"line":68,"column":12},"end":{"line":68,"column":47}},"41":{"start":{"line":68,"column":28},"end":{"line":68,"column":47}},"42":{"start":{"line":76,"column":26},"end":{"line":80,"column":15}},"43":{"start":{"line":78,"column":8},"end":{"line":78,"column":65}},"44":{"start":{"line":78,"column":34},"end":{"line":78,"column":63}},"45":{"start":{"line":82,"column":4},"end":{"line":85,"column":9}},"46":{"start":{"line":82,"column":39},"end":{"line":85,"column":5}},"47":{"start":{"line":88,"column":2},"end":{"line":101,"column":5}},"48":{"start":{"line":89,"column":4},"end":{"line":100,"column":5}},"49":{"start":{"line":90,"column":6},"end":{"line":93,"column":9}},"50":{"start":{"line":91,"column":8},"end":{"line":91,"column":34}},"51":{"start":{"line":91,"column":17},"end":{"line":91,"column":34}},"52":{"start":{"line":92,"column":8},"end":{"line":92,"column":39}},"53":{"start":{"line":95,"column":6},"end":{"line":99,"column":9}},"54":{"start":{"line":96,"column":8},"end":{"line":96,"column":34}},"55":{"start":{"line":96,"column":17},"end":{"line":96,"column":34}},"56":{"start":{"line":97,"column":24},"end":{"line":97,"column":92}},"57":{"start":{"line":97,"column":55},"end":{"line":97,"column":91}},"58":{"start":{"line":98,"column":8},"end":{"line":98,"column":39}}},"fnMap":{"0":{"name":"walk","decl":{"start":{"line":9,"column":26},"end":{"line":9,"column":30}},"loc":{"start":{"line":19,"column":10},"end":{"line":102,"column":1}},"line":19},"1":{"name":"buildIconObj","decl":{"start":{"line":20,"column":11},"end":{"line":20,"column":23}},"loc":{"start":{"line":20,"column":30},"end":{"line":34,"column":3}},"line":20},"2":{"name":"(anonymous_2)","decl":{"start":{"line":36,"column":16},"end":{"line":36,"column":17}},"loc":{"start":{"line":36,"column":25},"end":{"line":48,"column":3}},"line":36},"3":{"name":"iterate","decl":{"start":{"line":50,"column":11},"end":{"line":50,"column":18}},"loc":{"start":{"line":50,"column":30},"end":{"line":73,"column":3}},"line":50},"4":{"name":"(anonymous_4)","decl":{"start":{"line":52,"column":20},"end":{"line":52,"column":21}},"loc":{"start":{"line":52,"column":40},"end":{"line":72,"column":5}},"line":52},"5":{"name":"(anonymous_5)","decl":{"start":{"line":56,"column":19},"end":{"line":56,"column":20}},"loc":{"start":{"line":56,"column":34},"end":{"line":71,"column":7}},"line":56},"6":{"name":"(anonymous_6)","decl":{"start":{"line":58,"column":22},"end":{"line":58,"column":23}},"loc":{"start":{"line":58,"column":42},"end":{"line":70,"column":9}},"line":58},"7":{"name":"(anonymous_7)","decl":{"start":{"line":60,"column":26},"end":{"line":60,"column":27}},"loc":{"start":{"line":60,"column":45},"end":{"line":64,"column":13}},"line":60},"8":{"name":"buildResults","decl":{"start":{"line":75,"column":11},"end":{"line":75,"column":23}},"loc":{"start":{"line":75,"column":42},"end":{"line":86,"column":3}},"line":75},"9":{"name":"(anonymous_9)","decl":{"start":{"line":77,"column":23},"end":{"line":77,"column":24}},"loc":{"start":{"line":77,"column":34},"end":{"line":79,"column":7}},"line":77},"10":{"name":"(anonymous_10)","decl":{"start":{"line":78,"column":26},"end":{"line":78,"column":27}},"loc":{"start":{"line":78,"column":34},"end":{"line":78,"column":63}},"line":78},"11":{"name":"(anonymous_11)","decl":{"start":{"line":82,"column":30},"end":{"line":82,"column":31}},"loc":{"start":{"line":82,"column":39},"end":{"line":85,"column":5}},"line":82},"12":{"name":"(anonymous_12)","decl":{"start":{"line":88,"column":21},"end":{"line":88,"column":22}},"loc":{"start":{"line":88,"column":34},"end":{"line":101,"column":3}},"line":88},"13":{"name":"(anonymous_13)","decl":{"start":{"line":90,"column":25},"end":{"line":90,"column":26}},"loc":{"start":{"line":90,"column":43},"end":{"line":93,"column":7}},"line":90},"14":{"name":"(anonymous_14)","decl":{"start":{"line":95,"column":28},"end":{"line":95,"column":29}},"loc":{"start":{"line":95,"column":48},"end":{"line":99,"column":7}},"line":95},"15":{"name":"(anonymous_15)","decl":{"start":{"line":97,"column":47},"end":{"line":97,"column":48}},"loc":{"start":{"line":97,"column":55},"end":{"line":97,"column":91}},"line":97}},"branchMap":{"0":{"loc":{"start":{"line":10,"column":2},"end":{"line":19,"column":8}},"type":"default-arg","locations":[{"start":{"line":19,"column":6},"end":{"line":19,"column":8}}],"line":10},"1":{"loc":{"start":{"line":12,"column":4},"end":{"line":12,"column":20}},"type":"default-arg","locations":[{"start":{"line":12,"column":15},"end":{"line":12,"column":20}}],"line":12},"2":{"loc":{"start":{"line":13,"column":4},"end":{"line":13,"column":32}},"type":"default-arg","locations":[{"start":{"line":13,"column":27},"end":{"line":13,"column":32}}],"line":13},"3":{"loc":{"start":{"line":14,"column":4},"end":{"line":14,"column":26}},"type":"default-arg","locations":[{"start":{"line":14,"column":24},"end":{"line":14,"column":26}}],"line":14},"4":{"loc":{"start":{"line":15,"column":4},"end":{"line":15,"column":26}},"type":"default-arg","locations":[{"start":{"line":15,"column":24},"end":{"line":15,"column":26}}],"line":15},"5":{"loc":{"start":{"line":16,"column":4},"end":{"line":16,"column":22}},"type":"default-arg","locations":[{"start":{"line":16,"column":20},"end":{"line":16,"column":22}}],"line":16},"6":{"loc":{"start":{"line":17,"column":4},"end":{"line":17,"column":21}},"type":"default-arg","locations":[{"start":{"line":17,"column":19},"end":{"line":17,"column":21}}],"line":17},"7":{"loc":{"start":{"line":18,"column":4},"end":{"line":18,"column":14}},"type":"default-arg","locations":[{"start":{"line":18,"column":12},"end":{"line":18,"column":14}}],"line":18},"8":{"loc":{"start":{"line":21,"column":4},"end":{"line":21,"column":46}},"type":"if","locations":[{"start":{"line":21,"column":4},"end":{"line":21,"column":46}},{"start":{"line":21,"column":4},"end":{"line":21,"column":46}}],"line":21},"9":{"loc":{"start":{"line":37,"column":4},"end":{"line":37,"column":45}},"type":"if","locations":[{"start":{"line":37,"column":4},"end":{"line":37,"column":45}},{"start":{"line":37,"column":4},"end":{"line":37,"column":45}}],"line":37},"10":{"loc":{"start":{"line":38,"column":4},"end":{"line":38,"column":65}},"type":"if","locations":[{"start":{"line":38,"column":4},"end":{"line":38,"column":65}},{"start":{"line":38,"column":4},"end":{"line":38,"column":65}}],"line":38},"11":{"loc":{"start":{"line":39,"column":4},"end":{"line":42,"column":5}},"type":"if","locations":[{"start":{"line":39,"column":4},"end":{"line":42,"column":5}},{"start":{"line":39,"column":4},"end":{"line":42,"column":5}}],"line":39},"12":{"loc":{"start":{"line":41,"column":6},"end":{"line":41,"column":44}},"type":"if","locations":[{"start":{"line":41,"column":6},"end":{"line":41,"column":44}},{"start":{"line":41,"column":6},"end":{"line":41,"column":44}}],"line":41},"13":{"loc":{"start":{"line":43,"column":4},"end":{"line":46,"column":5}},"type":"if","locations":[{"start":{"line":43,"column":4},"end":{"line":46,"column":5}},{"start":{"line":43,"column":4},"end":{"line":46,"column":5}}],"line":43},"14":{"loc":{"start":{"line":45,"column":6},"end":{"line":45,"column":43}},"type":"if","locations":[{"start":{"line":45,"column":6},"end":{"line":45,"column":43}},{"start":{"line":45,"column":6},"end":{"line":45,"column":43}}],"line":45},"15":{"loc":{"start":{"line":53,"column":6},"end":{"line":53,"column":32}},"type":"if","locations":[{"start":{"line":53,"column":6},"end":{"line":53,"column":32}},{"start":{"line":53,"column":6},"end":{"line":53,"column":32}}],"line":53},"16":{"loc":{"start":{"line":55,"column":6},"end":{"line":55,"column":47}},"type":"if","locations":[{"start":{"line":55,"column":6},"end":{"line":55,"column":47}},{"start":{"line":55,"column":6},"end":{"line":55,"column":47}}],"line":55},"17":{"loc":{"start":{"line":59,"column":10},"end":{"line":69,"column":11}},"type":"if","locations":[{"start":{"line":59,"column":10},"end":{"line":69,"column":11}},{"start":{"line":59,"column":10},"end":{"line":69,"column":11}}],"line":59},"18":{"loc":{"start":{"line":59,"column":14},"end":{"line":59,"column":40}},"type":"binary-expr","locations":[{"start":{"line":59,"column":14},"end":{"line":59,"column":18}},{"start":{"line":59,"column":22},"end":{"line":59,"column":40}}],"line":59},"19":{"loc":{"start":{"line":63,"column":14},"end":{"line":63,"column":49}},"type":"if","locations":[{"start":{"line":63,"column":14},"end":{"line":63,"column":49}},{"start":{"line":63,"column":14},"end":{"line":63,"column":49}}],"line":63},"20":{"loc":{"start":{"line":67,"column":12},"end":{"line":67,"column":62}},"type":"if","locations":[{"start":{"line":67,"column":12},"end":{"line":67,"column":62}},{"start":{"line":67,"column":12},"end":{"line":67,"column":62}}],"line":67},"21":{"loc":{"start":{"line":68,"column":12},"end":{"line":68,"column":47}},"type":"if","locations":[{"start":{"line":68,"column":12},"end":{"line":68,"column":47}},{"start":{"line":68,"column":12},"end":{"line":68,"column":47}}],"line":68},"22":{"loc":{"start":{"line":76,"column":26},"end":{"line":80,"column":15}},"type":"cond-expr","locations":[{"start":{"line":77,"column":8},"end":{"line":79,"column":8}},{"start":{"line":80,"column":8},"end":{"line":80,"column":15}}],"line":76},"23":{"loc":{"start":{"line":76,"column":26},"end":{"line":76,"column":56}},"type":"binary-expr","locations":[{"start":{"line":76,"column":26},"end":{"line":76,"column":38}},{"start":{"line":76,"column":42},"end":{"line":76,"column":56}}],"line":76},"24":{"loc":{"start":{"line":89,"column":4},"end":{"line":100,"column":5}},"type":"if","locations":[{"start":{"line":89,"column":4},"end":{"line":100,"column":5}},{"start":{"line":89,"column":4},"end":{"line":100,"column":5}}],"line":89},"25":{"loc":{"start":{"line":91,"column":8},"end":{"line":91,"column":34}},"type":"if","locations":[{"start":{"line":91,"column":8},"end":{"line":91,"column":34}},{"start":{"line":91,"column":8},"end":{"line":91,"column":34}}],"line":91},"26":{"loc":{"start":{"line":96,"column":8},"end":{"line":96,"column":34}},"type":"if","locations":[{"start":{"line":96,"column":8},"end":{"line":96,"column":34}},{"start":{"line":96,"column":8},"end":{"line":96,"column":34}}],"line":96}},"s":{"0":1,"1":1,"2":1,"3":1,"4":259,"5":35,"6":224,"7":224,"8":224,"9":7,"10":269,"11":35,"12":234,"13":10,"14":224,"15":0,"16":0,"17":0,"18":224,"19":0,"20":0,"21":0,"22":224,"23":30,"24":30,"25":30,"26":0,"27":30,"28":30,"29":0,"30":30,"31":60,"32":60,"33":60,"34":25,"35":25,"36":25,"37":10,"38":35,"39":30,"40":35,"41":20,"42":7,"43":18,"44":18,"45":7,"46":209,"47":7,"48":7,"49":5,"50":5,"51":0,"52":5,"53":2,"54":2,"55":0,"56":2,"57":194,"58":2},"f":{"0":7,"1":259,"2":269,"3":30,"4":30,"5":60,"6":60,"7":25,"8":7,"9":18,"10":18,"11":209,"12":7,"13":5,"14":2,"15":194},"b":{"0":[0],"1":[2],"2":[6],"3":[7],"4":[7],"5":[7],"6":[7],"7":[4],"8":[35,224],"9":[35,234],"10":[10,224],"11":[0,224],"12":[0,0],"13":[0,224],"14":[0,0],"15":[0,30],"16":[0,30],"17":[25,35],"18":[60,60],"19":[10,15],"20":[30,5],"21":[20,15],"22":[3,4],"23":[7,3],"24":[5,2],"25":[0,5],"26":[0,2]},"_coverageSchema":"332fd63041d2c1bcb487cc26dd0d5f7d97098a6c","hash":"5e158ff8e973820c7865d862d86de64718cd5c45"}
}
