TN:
SF:/Users/tonylefler/dev-authority/icoset/packages/icoset/src/build-icons.js
FN:5,buildIcons
FN:8,(anonymous_1)
FN:9,(anonymous_2)
FN:10,(anonymous_3)
FN:20,(anonymous_4)
FN:23,(anonymous_5)
FN:40,(anonymous_6)
FN:50,(anonymous_7)
FN:51,(anonymous_8)
FNF:9
FNH:7
FNDA:1,buildIcons
FNDA:2,(anonymous_1)
FNDA:2,(anonymous_2)
FNDA:2,(anonymous_3)
FNDA:0,(anonymous_4)
FNDA:2,(anonymous_5)
FNDA:0,(anonymous_6)
FNDA:1,(anonymous_7)
FNDA:1,(anonymous_8)
DA:1,1
DA:2,1
DA:3,1
DA:5,1
DA:6,1
DA:7,1
DA:9,2
DA:10,2
DA:12,2
DA:13,2
DA:15,0
DA:17,2
DA:18,2
DA:20,0
DA:22,2
DA:24,2
DA:25,2
DA:26,2
DA:27,1
DA:28,1
DA:29,0
DA:30,0
DA:31,0
DA:33,2
DA:34,2
DA:38,2
DA:41,0
DA:42,0
DA:43,0
DA:50,1
DA:51,1
DA:52,1
LF:32
LH:24
BRDA:5,0,0,0
BRDA:5,1,0,1
BRDA:5,2,0,1
BRDA:26,3,0,1
BRDA:26,3,1,1
BRDA:28,4,0,0
BRDA:28,4,1,1
BRDA:28,5,0,1
BRDA:28,5,1,0
BRDA:31,6,0,0
BRDA:31,6,1,0
BRDA:31,7,0,0
BRDA:31,7,1,0
BRF:13
BRH:6
end_of_record
TN:
SF:/Users/tonylefler/dev-authority/icoset/packages/icoset/src/utils.js
FN:1,isFunction
FN:5,getAttrVal
FN:10,buildName
FNF:3
FNH:3
FNDA:7,isFunction
FNDA:1,getAttrVal
FNDA:224,buildName
DA:2,7
DA:6,1
DA:7,1
DA:11,224
DA:17,224
DA:22,224
DA:23,224
DA:24,0
DA:25,0
DA:27,224
DA:28,224
DA:30,224
DA:36,3
DA:64,3
LF:14
LH:12
BRDA:2,0,0,7
BRDA:2,0,1,7
BRDA:2,0,2,7
BRDA:2,0,3,4
BRDA:7,1,0,1
BRDA:7,1,1,0
BRDA:10,2,0,0
BRDA:10,3,0,0
BRDA:10,4,0,0
BRDA:23,5,0,0
BRDA:23,5,1,224
BRDA:25,6,0,0
BRDA:25,6,1,0
BRDA:27,7,0,6
BRDA:27,7,1,218
BRDA:28,8,0,0
BRDA:28,8,1,224
BRF:17
BRH:9
end_of_record
TN:
SF:/Users/tonylefler/dev-authority/icoset/packages/icoset/src/walk.js
FN:9,walk
FN:20,buildIconObj
FN:36,(anonymous_2)
FN:50,iterate
FN:52,(anonymous_4)
FN:56,(anonymous_5)
FN:58,(anonymous_6)
FN:60,(anonymous_7)
FN:75,buildResults
FN:77,(anonymous_9)
FN:78,(anonymous_10)
FN:82,(anonymous_11)
FN:88,(anonymous_12)
FN:90,(anonymous_13)
FN:95,(anonymous_14)
FN:97,(anonymous_15)
FNF:16
FNH:16
FNDA:7,walk
FNDA:259,buildIconObj
FNDA:269,(anonymous_2)
FNDA:30,iterate
FNDA:30,(anonymous_4)
FNDA:60,(anonymous_5)
FNDA:60,(anonymous_6)
FNDA:25,(anonymous_7)
FNDA:7,buildResults
FNDA:18,(anonymous_9)
FNDA:18,(anonymous_10)
FNDA:209,(anonymous_11)
FNDA:7,(anonymous_12)
FNDA:5,(anonymous_13)
FNDA:2,(anonymous_14)
FNDA:194,(anonymous_15)
DA:1,1
DA:2,1
DA:3,1
DA:9,1
DA:21,259
DA:22,224
DA:23,224
DA:29,224
DA:36,7
DA:37,269
DA:38,234
DA:39,224
DA:40,0
DA:41,0
DA:43,224
DA:44,0
DA:45,0
DA:47,224
DA:51,30
DA:52,30
DA:53,30
DA:54,30
DA:55,30
DA:56,30
DA:57,60
DA:58,60
DA:59,60
DA:60,25
DA:62,25
DA:63,25
DA:67,35
DA:68,35
DA:76,7
DA:78,18
DA:82,209
DA:88,7
DA:89,7
DA:90,5
DA:91,5
DA:92,5
DA:95,2
DA:96,2
DA:97,194
DA:98,2
LF:44
LH:40
BRDA:10,0,0,0
BRDA:12,1,0,2
BRDA:13,2,0,6
BRDA:14,3,0,7
BRDA:15,4,0,7
BRDA:16,5,0,7
BRDA:17,6,0,7
BRDA:18,7,0,4
BRDA:21,8,0,35
BRDA:21,8,1,224
BRDA:37,9,0,35
BRDA:37,9,1,234
BRDA:38,10,0,10
BRDA:38,10,1,224
BRDA:39,11,0,0
BRDA:39,11,1,224
BRDA:41,12,0,0
BRDA:41,12,1,0
BRDA:43,13,0,0
BRDA:43,13,1,224
BRDA:45,14,0,0
BRDA:45,14,1,0
BRDA:53,15,0,0
BRDA:53,15,1,30
BRDA:55,16,0,0
BRDA:55,16,1,30
BRDA:59,17,0,25
BRDA:59,17,1,35
BRDA:59,18,0,60
BRDA:59,18,1,60
BRDA:63,19,0,10
BRDA:63,19,1,15
BRDA:67,20,0,30
BRDA:67,20,1,5
BRDA:68,21,0,20
BRDA:68,21,1,15
BRDA:76,22,0,3
BRDA:76,22,1,4
BRDA:76,23,0,7
BRDA:76,23,1,3
BRDA:89,24,0,5
BRDA:89,24,1,2
BRDA:91,25,0,0
BRDA:91,25,1,5
BRDA:96,26,0,0
BRDA:96,26,1,2
BRF:46
BRH:35
end_of_record
