TN:
SF:/Users/tonylefler/dev-authority/icoset/packages/icoset/src/build-icons.js
FN:5,buildIcons
FN:8,(anonymous_1)
FN:11,(anonymous_2)
FN:12,(anonymous_3)
FN:22,(anonymous_4)
FN:26,(anonymous_5)
FN:42,(anonymous_6)
FN:52,(anonymous_7)
FN:53,(anonymous_8)
FNF:9
FNH:7
FNDA:1,buildIcons
FNDA:2,(anonymous_1)
FNDA:2,(anonymous_2)
FNDA:2,(anonymous_3)
FNDA:0,(anonymous_4)
FNDA:2,(anonymous_5)
FNDA:0,(anonymous_6)
FNDA:1,(anonymous_7)
FNDA:1,(anonymous_8)
DA:1,1
DA:2,1
DA:3,1
DA:5,1
DA:6,1
DA:7,1
DA:9,2
DA:10,2
DA:11,2
DA:12,2
DA:14,2
DA:15,2
DA:17,0
DA:19,2
DA:20,2
DA:22,0
DA:24,2
DA:25,2
DA:27,2
DA:28,2
DA:29,2
DA:30,0
DA:31,2
DA:32,2
DA:33,2
DA:34,2
DA:36,2
DA:37,2
DA:40,2
DA:43,0
DA:44,0
DA:45,0
DA:52,1
DA:53,1
DA:54,1
LF:35
LH:29
BRDA:5,0,0,0
BRDA:5,1,0,1
BRDA:10,2,0,0
BRDA:10,2,1,2
BRDA:10,3,0,2
BRDA:10,3,1,0
BRDA:29,4,0,0
BRDA:29,4,1,2
BRDA:31,5,0,2
BRDA:31,5,1,0
BRDA:31,6,0,2
BRDA:31,6,1,2
BRDA:34,7,0,2
BRDA:34,7,1,0
BRDA:34,8,0,2
BRDA:34,8,1,2
BRF:16
BRH:10
end_of_record
TN:
SF:/Users/tonylefler/dev-authority/icoset/packages/icoset/src/utils.js
FN:1,isFunction
FN:5,getAttrVal
FN:10,buildName
FNF:3
FNH:3
FNDA:7,isFunction
FNDA:4,getAttrVal
FNDA:35,buildName
DA:2,7
DA:6,4
DA:7,4
DA:11,35
DA:17,35
DA:22,35
DA:23,35
DA:24,0
DA:25,0
DA:27,35
DA:28,35
DA:30,35
DA:36,3
DA:64,3
LF:14
LH:12
BRDA:2,0,0,7
BRDA:2,0,1,7
BRDA:2,0,2,7
BRDA:2,0,3,4
BRDA:7,1,0,4
BRDA:7,1,1,0
BRDA:10,2,0,0
BRDA:10,3,0,0
BRDA:10,4,0,0
BRDA:23,5,0,0
BRDA:23,5,1,35
BRDA:25,6,0,0
BRDA:25,6,1,0
BRDA:27,7,0,2
BRDA:27,7,1,33
BRDA:27,8,0,35
BRDA:27,8,1,6
BRDA:28,9,0,0
BRDA:28,9,1,35
BRF:19
BRH:11
end_of_record
TN:
SF:/Users/tonylefler/dev-authority/icoset/packages/icoset/src/walk.js
FN:9,walk
FN:20,buildIconObj
FN:36,(anonymous_2)
FN:50,iterate
FN:52,(anonymous_4)
FN:56,(anonymous_5)
FN:58,(anonymous_6)
FN:60,(anonymous_7)
FN:75,buildResults
FN:77,(anonymous_9)
FN:78,(anonymous_10)
FN:82,(anonymous_11)
FN:86,(anonymous_12)
FN:99,(anonymous_13)
FN:103,(anonymous_14)
FN:105,(anonymous_15)
FN:110,(anonymous_16)
FN:112,(anonymous_17)
FNF:18
FNH:18
FNDA:7,walk
FNDA:50,buildIconObj
FNDA:52,(anonymous_2)
FNDA:15,iterate
FNDA:15,(anonymous_4)
FNDA:40,(anonymous_5)
FNDA:40,(anonymous_6)
FNDA:10,(anonymous_7)
FNDA:7,buildResults
FNDA:18,(anonymous_9)
FNDA:18,(anonymous_10)
FNDA:20,(anonymous_11)
FNDA:3,(anonymous_12)
FNDA:3,(anonymous_13)
FNDA:7,(anonymous_14)
FNDA:5,(anonymous_15)
FNDA:2,(anonymous_16)
FNDA:5,(anonymous_17)
DA:1,1
DA:2,1
DA:3,1
DA:9,1
DA:21,50
DA:22,35
DA:23,35
DA:29,35
DA:36,7
DA:37,52
DA:38,37
DA:39,35
DA:40,0
DA:41,0
DA:43,35
DA:44,0
DA:45,0
DA:47,35
DA:51,15
DA:52,15
DA:53,15
DA:54,15
DA:55,15
DA:56,15
DA:57,40
DA:58,40
DA:59,40
DA:60,10
DA:62,10
DA:63,10
DA:67,30
DA:68,30
DA:76,7
DA:78,18
DA:82,20
DA:87,3
DA:88,0
DA:89,0
DA:90,0
DA:91,0
DA:97,3
DA:99,3
DA:103,7
DA:104,7
DA:105,5
DA:106,5
DA:107,5
DA:110,2
DA:111,2
DA:112,5
DA:113,2
LF:51
LH:43
BRDA:10,0,0,0
BRDA:12,1,0,2
BRDA:13,2,0,6
BRDA:14,3,0,7
BRDA:15,4,0,7
BRDA:16,5,0,7
BRDA:17,6,0,7
BRDA:18,7,0,4
BRDA:21,8,0,15
BRDA:21,8,1,35
BRDA:37,9,0,15
BRDA:37,9,1,37
BRDA:38,10,0,2
BRDA:38,10,1,35
BRDA:39,11,0,0
BRDA:39,11,1,35
BRDA:41,12,0,0
BRDA:41,12,1,0
BRDA:43,13,0,0
BRDA:43,13,1,35
BRDA:45,14,0,0
BRDA:45,14,1,0
BRDA:53,15,0,0
BRDA:53,15,1,15
BRDA:55,16,0,0
BRDA:55,16,1,15
BRDA:59,17,0,10
BRDA:59,17,1,30
BRDA:59,18,0,40
BRDA:59,18,1,40
BRDA:63,19,0,10
BRDA:63,19,1,0
BRDA:67,20,0,30
BRDA:67,20,1,0
BRDA:68,21,0,5
BRDA:68,21,1,25
BRDA:76,22,0,3
BRDA:76,22,1,4
BRDA:76,23,0,7
BRDA:76,23,1,3
BRDA:87,24,0,0
BRDA:87,24,1,3
BRDA:90,25,0,0
BRDA:90,25,1,0
BRDA:104,26,0,5
BRDA:104,26,1,2
BRDA:106,27,0,0
BRDA:106,27,1,5
BRDA:111,28,0,0
BRDA:111,28,1,2
BRF:50
BRH:34
end_of_record
